+-------+
| empty |
+-------+
+----+--------+
| id |   z    |
+----+--------+
| 12 | 34.500 |
+----+--------+
+----+---+---+--------+
| id | x | y |   z    |
+----+---+---+--------+
| 12 |   |   | 34.500 |
+----+---+---+--------+
+----+--------+--------+--------+
| id |   x    |   y    |   z    |
+----+--------+--------+--------+
| 12 |        |        | 34.500 |
+----+--------+--------+--------+
| 0  | 12.000 | 45.000 | 67.000 |
+----+--------+--------+--------+
+----+--------+--------+--------+
| id |   x    |   y    |   z    |
+----+--------+--------+--------+
| 12 |        |        | 34.500 |
+----+--------+--------+--------+
| 0  | 12.000 | 45.000 | 67.000 |
+----+--------+--------+--------+
| 4  | 0.701  | 0.654  | 0.527  |
+----+--------+--------+--------+
| 3  | 0.930  | 0.687  | 0.067  |
+----+--------+--------+--------+
| 2  | 0.008  | 0.530  | 0.035  |
+----+--------+--------+--------+
| 1  | 0.519  | 0.935  | 0.679  |
+----+--------+--------+--------+
| 0  | 0.219  | 0.459  | 0.132  |
+----+--------+--------+--------+
+----+--------+--------+--------+
| id |   x    |   y    |   z    |
+----+--------+--------+--------+
| 0  | 12.000 | 45.000 | 67.000 |
+----+--------+--------+--------+
| 4  | 0.701  | 0.654  | 0.527  |
+----+--------+--------+--------+
| 3  | 0.930  | 0.687  | 0.067  |
+----+--------+--------+--------+
| 2  | 0.008  | 0.530  | 0.035  |
+----+--------+--------+--------+
| 1  | 0.519  | 0.935  | 0.679  |
+----+--------+--------+--------+
| 0  | 0.219  | 0.459  | 0.132  |
+----+--------+--------+--------+
+--------+--------+--------+
|      x |      y |      z |
+--------+--------+--------+
| 12.000 | 45.000 | 67.000 |
+--------+--------+--------+
|  0.701 |  0.654 |  0.527 |
+--------+--------+--------+
|  0.930 |  0.687 |  0.067 |
+--------+--------+--------+
|  0.008 |  0.530 |  0.035 |
+--------+--------+--------+
|  0.519 |  0.935 |  0.679 |
+--------+--------+--------+
|  0.219 |  0.459 |  0.132 |
+--------+--------+--------+
x,y,z
12.000,45.000,67.000
0.701,0.654,0.527
0.930,0.687,0.067
0.008,0.530,0.035
0.519,0.935,0.679
0.219,0.459,0.132
{'headers': [x, y, z], 'align': RIGHT, 'rows': 6, 'colms': 3}
