{'rows': 10, 'colms': 3, 'columns': [{'id': center}, {'name': left}, {'score': right}]}
+--------+--------+-------+
|   id   |  name  | score |
+--------+--------+-------+
| 201901 | Tom    |  81.1 |
+--------+--------+-------+
| 201902 | Jhon   |  93.5 |
+--------+--------+-------+
| 201903 | Jerry  |  95.3 |
+--------+--------+-------+
| 201904 | Albert |  95.6 |
+--------+--------+-------+
| 201905 | Mary   |  81.1 |
+--------+--------+-------+
| 201906 | Lily   |  95.6 |
+--------+--------+-------+
| 201907 | Lina   |  95.3 |
+--------+--------+-------+
| 201908 | Jack   |  81.1 |
+--------+--------+-------+
| 201909 | Bob    |  81.1 |
+--------+--------+-------+
| 201910 | Stack  |  95.3 |
+--------+--------+-------+

{'rows': 9, 'colms': 5, 'columns': [{'id': right}, {'X': right}, {'Y': right}, {'Z': right}, {'distance': right}]}
+----+-------+---------+---------+----------+
| id |   X   |    Y    |    Z    | distance |
+----+-------+---------+---------+----------+
|  8 | 2.749 | 212.558 |  81.043 |  208.451 |
+----+-------+---------+---------+----------+
|  7 | 8.847 |  40.819 | 123.196 |  421.840 |
+----+-------+---------+---------+----------+
|  6 | 9.826 | 164.904 | 123.603 |  236.211 |
+----+-------+---------+---------+----------+
|  5 | 3.282 |  30.125 | 124.372 |  303.018 |
+----+-------+---------+---------+----------+
|  4 | 7.012 | 287.262 |  93.082 |  302.047 |
+----+-------+---------+---------+----------+
|  3 | 9.304 | 301.192 |  31.890 |  128.011 |
+----+-------+---------+---------+----------+
|  2 | 0.077 | 234.593 |  27.598 |  206.319 |
+----+-------+---------+---------+----------+
|  1 | 5.194 | 406.310 | 113.289 |  130.084 |
+----+-------+---------+---------+----------+
|  0 | 2.190 | 204.468 |  40.495 |  227.501 |
+----+-------+---------+---------+----------+

id,X,Y,Z,distance
8,2.749,212.558,81.043,208.451
7,8.847,40.819,123.196,421.840
6,9.826,164.904,123.603,236.211
5,3.282,30.125,124.372,303.018
4,7.012,287.262,93.082,302.047
3,9.304,301.192,31.890,128.011
2,0.077,234.593,27.598,206.319
1,5.194,406.310,113.289,130.084
0,2.190,204.468,40.495,227.501

|id|X|Y|Z|distance|
|----|----|----|----|----|
|8|2.749|212.558|81.043|208.451|
|7|8.847|40.819|123.196|421.840|
|6|9.826|164.904|123.603|236.211|
|5|3.282|30.125|124.372|303.018|
|4|7.012|287.262|93.082|302.047|
|3|9.304|301.192|31.890|128.011|
|2|0.077|234.593|27.598|206.319|
|1|5.194|406.310|113.289|130.084|
|0|2.190|204.468|40.495|227.501|

